1760032580.686992 client started (7124): version 3.5a, socket /private/tmp/tmux-504/default, protocol 8
1760032580.687028 on Darwin 24.6.0 Darwin Kernel Version 24.6.0: Mon Jul 14 11:30:40 PDT 2025; root:xnu-11417.140.69~1/RELEASE_ARM64_T6041
1760032580.687037 using libevent 2.1.12-stable select
1760032580.687064 using utf8proc 2.10.0
1760032580.687069 using ncurses 6.5 20240427
1760032580.687083 flags are 0x18010000
1760032580.687088 socket is /private/tmp/tmux-504/default
1760032580.687097 trying connect
1760032580.687128 add peer 0x138048000: 6 (0x0)
1760032580.689233 sending message 111 to peer 0x138048000 (8 bytes)
1760032580.689252 sending message 111 to peer 0x138048000 (8 bytes)
1760032580.689258 sending message 101 to peer 0x138048000 (15 bytes)
1760032580.689264 sending message 109 to peer 0x138048000 (4 bytes)
1760032580.689269 sending message 102 to peer 0x138048000 (13 bytes)
1760032580.689273 sending message 108 to peer 0x138048000 (34 bytes)
1760032580.689278 sending message 112 to peer 0x138048000 (58 bytes)
1760032580.689282 sending message 112 to peer 0x138048000 (5 bytes)
1760032580.689286 sending message 112 to peer 0x138048000 (5 bytes)
1760032580.689291 sending message 112 to peer 0x138048000 (6 bytes)
1760032580.689295 sending message 112 to peer 0x138048000 (6 bytes)
1760032580.689299 sending message 112 to peer 0x138048000 (11 bytes)
1760032580.689303 sending message 112 to peer 0x138048000 (10 bytes)
1760032580.689307 sending message 112 to peer 0x138048000 (13 bytes)
1760032580.689311 sending message 112 to peer 0x138048000 (14 bytes)
1760032580.689315 sending message 112 to peer 0x138048000 (19 bytes)
1760032580.689318 sending message 112 to peer 0x138048000 (11 bytes)
1760032580.689322 sending message 112 to peer 0x138048000 (10 bytes)
1760032580.689326 sending message 112 to peer 0x138048000 (15 bytes)
1760032580.689330 sending message 112 to peer 0x138048000 (21 bytes)
1760032580.689334 sending message 112 to peer 0x138048000 (13 bytes)
1760032580.689338 sending message 112 to peer 0x138048000 (7 bytes)
1760032580.689342 sending message 112 to peer 0x138048000 (13 bytes)
1760032580.689346 sending message 112 to peer 0x138048000 (7 bytes)
1760032580.689350 sending message 112 to peer 0x138048000 (13 bytes)
1760032580.689353 sending message 112 to peer 0x138048000 (9 bytes)
1760032580.689357 sending message 112 to peer 0x138048000 (21 bytes)
1760032580.689361 sending message 112 to peer 0x138048000 (13 bytes)
1760032580.689365 sending message 112 to peer 0x138048000 (9 bytes)
1760032580.689369 sending message 112 to peer 0x138048000 (16 bytes)
1760032580.689373 sending message 112 to peer 0x138048000 (13 bytes)
1760032580.689377 sending message 112 to peer 0x138048000 (9 bytes)
1760032580.689381 sending message 112 to peer 0x138048000 (9 bytes)
1760032580.689385 sending message 112 to peer 0x138048000 (12 bytes)
1760032580.689388 sending message 112 to peer 0x138048000 (8 bytes)
1760032580.689392 sending message 112 to peer 0x138048000 (8 bytes)
1760032580.689396 sending message 112 to peer 0x138048000 (13 bytes)
1760032580.689400 sending message 112 to peer 0x138048000 (7 bytes)
1760032580.689404 sending message 112 to peer 0x138048000 (7 bytes)
1760032580.689408 sending message 112 to peer 0x138048000 (9 bytes)
1760032580.689412 sending message 112 to peer 0x138048000 (9 bytes)
1760032580.689416 sending message 112 to peer 0x138048000 (15 bytes)
1760032580.689419 sending message 112 to peer 0x138048000 (13 bytes)
1760032580.689423 sending message 112 to peer 0x138048000 (12 bytes)
1760032580.689427 sending message 112 to peer 0x138048000 (8 bytes)
1760032580.689431 sending message 112 to peer 0x138048000 (14 bytes)
1760032580.689435 sending message 112 to peer 0x138048000 (11 bytes)
1760032580.689439 sending message 112 to peer 0x138048000 (9 bytes)
1760032580.689443 sending message 112 to peer 0x138048000 (10 bytes)
1760032580.689447 sending message 112 to peer 0x138048000 (10 bytes)
1760032580.689451 sending message 112 to peer 0x138048000 (10 bytes)
1760032580.689455 sending message 112 to peer 0x138048000 (10 bytes)
1760032580.689466 sending message 112 to peer 0x138048000 (11 bytes)
1760032580.689469 sending message 112 to peer 0x138048000 (12 bytes)
1760032580.689472 sending message 112 to peer 0x138048000 (12 bytes)
1760032580.689474 sending message 112 to peer 0x138048000 (12 bytes)
1760032580.689477 sending message 112 to peer 0x138048000 (12 bytes)
1760032580.689480 sending message 112 to peer 0x138048000 (12 bytes)
1760032580.689482 sending message 112 to peer 0x138048000 (11 bytes)
1760032580.689485 sending message 112 to peer 0x138048000 (11 bytes)
1760032580.689488 sending message 112 to peer 0x138048000 (12 bytes)
1760032580.689490 sending message 112 to peer 0x138048000 (12 bytes)
1760032580.689493 sending message 112 to peer 0x138048000 (12 bytes)
1760032580.689495 sending message 112 to peer 0x138048000 (12 bytes)
1760032580.689498 sending message 112 to peer 0x138048000 (12 bytes)
1760032580.689501 sending message 112 to peer 0x138048000 (9 bytes)
1760032580.689503 sending message 112 to peer 0x138048000 (12 bytes)
1760032580.689506 sending message 112 to peer 0x138048000 (13 bytes)
1760032580.689508 sending message 112 to peer 0x138048000 (13 bytes)
1760032580.689511 sending message 112 to peer 0x138048000 (13 bytes)
1760032580.689514 sending message 112 to peer 0x138048000 (13 bytes)
1760032580.689516 sending message 112 to peer 0x138048000 (13 bytes)
1760032580.689519 sending message 112 to peer 0x138048000 (8 bytes)
1760032580.689521 sending message 112 to peer 0x138048000 (11 bytes)
1760032580.689524 sending message 112 to peer 0x138048000 (11 bytes)
1760032580.689527 sending message 112 to peer 0x138048000 (11 bytes)
1760032580.689529 sending message 112 to peer 0x138048000 (12 bytes)
1760032580.689532 sending message 112 to peer 0x138048000 (12 bytes)
1760032580.689535 sending message 112 to peer 0x138048000 (12 bytes)
1760032580.689537 sending message 112 to peer 0x138048000 (12 bytes)
1760032580.689540 sending message 112 to peer 0x138048000 (13 bytes)
1760032580.689542 sending message 112 to peer 0x138048000 (13 bytes)
1760032580.689545 sending message 112 to peer 0x138048000 (13 bytes)
1760032580.689548 sending message 112 to peer 0x138048000 (8 bytes)
1760032580.689550 sending message 112 to peer 0x138048000 (13 bytes)
1760032580.689553 sending message 112 to peer 0x138048000 (13 bytes)
1760032580.689555 sending message 112 to peer 0x138048000 (13 bytes)
1760032580.689558 sending message 112 to peer 0x138048000 (13 bytes)
1760032580.689560 sending message 112 to peer 0x138048000 (13 bytes)
1760032580.689563 sending message 112 to peer 0x138048000 (12 bytes)
1760032580.689566 sending message 112 to peer 0x138048000 (12 bytes)
1760032580.689568 sending message 112 to peer 0x138048000 (12 bytes)
1760032580.689571 sending message 112 to peer 0x138048000 (12 bytes)
1760032580.689573 sending message 112 to peer 0x138048000 (13 bytes)
1760032580.689576 sending message 112 to peer 0x138048000 (8 bytes)
1760032580.689579 sending message 112 to peer 0x138048000 (13 bytes)
1760032580.689581 sending message 112 to peer 0x138048000 (13 bytes)
1760032580.689584 sending message 112 to peer 0x138048000 (13 bytes)
1760032580.689586 sending message 112 to peer 0x138048000 (13 bytes)
1760032580.689589 sending message 112 to peer 0x138048000 (13 bytes)
1760032580.689591 sending message 112 to peer 0x138048000 (13 bytes)
1760032580.689594 sending message 112 to peer 0x138048000 (13 bytes)
1760032580.689597 sending message 112 to peer 0x138048000 (12 bytes)
1760032580.689599 sending message 112 to peer 0x138048000 (12 bytes)
1760032580.689602 sending message 112 to peer 0x138048000 (12 bytes)
1760032580.689604 sending message 112 to peer 0x138048000 (8 bytes)
1760032580.689607 sending message 112 to peer 0x138048000 (12 bytes)
1760032580.689610 sending message 112 to peer 0x138048000 (13 bytes)
1760032580.689612 sending message 112 to peer 0x138048000 (13 bytes)
1760032580.689615 sending message 112 to peer 0x138048000 (13 bytes)
1760032580.689618 sending message 112 to peer 0x138048000 (13 bytes)
1760032580.689627 sending message 112 to peer 0x138048000 (13 bytes)
1760032580.689629 sending message 112 to peer 0x138048000 (13 bytes)
1760032580.689632 sending message 112 to peer 0x138048000 (13 bytes)
1760032580.689635 sending message 112 to peer 0x138048000 (13 bytes)
1760032580.689638 sending message 112 to peer 0x138048000 (12 bytes)
1760032580.689640 sending message 112 to peer 0x138048000 (10 bytes)
1760032580.689643 sending message 112 to peer 0x138048000 (12 bytes)
1760032580.689645 sending message 112 to peer 0x138048000 (12 bytes)
1760032580.689648 sending message 112 to peer 0x138048000 (12 bytes)
1760032580.689651 sending message 112 to peer 0x138048000 (13 bytes)
1760032580.689654 sending message 112 to peer 0x138048000 (13 bytes)
1760032580.689656 sending message 112 to peer 0x138048000 (13 bytes)
1760032580.689659 sending message 112 to peer 0x138048000 (13 bytes)
1760032580.689662 sending message 112 to peer 0x138048000 (13 bytes)
1760032580.689664 sending message 112 to peer 0x138048000 (13 bytes)
1760032580.689666 sending message 112 to peer 0x138048000 (13 bytes)
1760032580.689669 sending message 112 to peer 0x138048000 (10 bytes)
1760032580.689671 sending message 112 to peer 0x138048000 (13 bytes)
1760032580.689673 sending message 112 to peer 0x138048000 (12 bytes)
1760032580.689676 sending message 112 to peer 0x138048000 (12 bytes)
1760032580.689678 sending message 112 to peer 0x138048000 (12 bytes)
1760032580.689680 sending message 112 to peer 0x138048000 (10 bytes)
1760032580.689683 sending message 112 to peer 0x138048000 (10 bytes)
1760032580.689685 sending message 112 to peer 0x138048000 (10 bytes)
1760032580.689687 sending message 112 to peer 0x138048000 (12 bytes)
1760032580.689690 sending message 112 to peer 0x138048000 (13 bytes)
1760032580.689692 sending message 112 to peer 0x138048000 (13 bytes)
1760032580.689694 sending message 112 to peer 0x138048000 (13 bytes)
1760032580.689697 sending message 112 to peer 0x138048000 (13 bytes)
1760032580.689699 sending message 112 to peer 0x138048000 (13 bytes)
1760032580.689701 sending message 112 to peer 0x138048000 (10 bytes)
1760032580.689703 sending message 112 to peer 0x138048000 (11 bytes)
1760032580.689706 sending message 112 to peer 0x138048000 (12 bytes)
1760032580.689708 sending message 112 to peer 0x138048000 (12 bytes)
1760032580.689710 sending message 112 to peer 0x138048000 (12 bytes)
1760032580.689712 sending message 112 to peer 0x138048000 (12 bytes)
1760032580.689715 sending message 112 to peer 0x138048000 (12 bytes)
1760032580.689717 sending message 112 to peer 0x138048000 (11 bytes)
1760032580.689719 sending message 112 to peer 0x138048000 (12 bytes)
1760032580.689721 sending message 112 to peer 0x138048000 (12 bytes)
1760032580.689724 sending message 112 to peer 0x138048000 (13 bytes)
1760032580.689726 sending message 112 to peer 0x138048000 (13 bytes)
1760032580.689728 sending message 112 to peer 0x138048000 (13 bytes)
1760032580.689731 sending message 112 to peer 0x138048000 (13 bytes)
1760032580.689733 sending message 112 to peer 0x138048000 (13 bytes)
1760032580.689735 sending message 112 to peer 0x138048000 (10 bytes)
1760032580.689737 sending message 112 to peer 0x138048000 (9 bytes)
1760032580.689740 sending message 112 to peer 0x138048000 (12 bytes)
1760032580.689742 sending message 112 to peer 0x138048000 (13 bytes)
1760032580.689744 sending message 112 to peer 0x138048000 (13 bytes)
1760032580.689747 sending message 112 to peer 0x138048000 (13 bytes)
1760032580.689749 sending message 112 to peer 0x138048000 (13 bytes)
1760032580.689751 sending message 112 to peer 0x138048000 (13 bytes)
1760032580.689754 sending message 112 to peer 0x138048000 (9 bytes)
1760032580.689756 sending message 112 to peer 0x138048000 (12 bytes)
1760032580.689758 sending message 112 to peer 0x138048000 (13 bytes)
1760032580.689761 sending message 112 to peer 0x138048000 (13 bytes)
1760032580.689763 sending message 112 to peer 0x138048000 (13 bytes)
1760032580.689765 sending message 112 to peer 0x138048000 (13 bytes)
1760032580.689768 sending message 112 to peer 0x138048000 (13 bytes)
1760032580.689774 sending message 112 to peer 0x138048000 (11 bytes)
1760032580.689777 sending message 112 to peer 0x138048000 (12 bytes)
1760032580.689779 sending message 112 to peer 0x138048000 (13 bytes)
1760032580.689782 sending message 112 to peer 0x138048000 (13 bytes)
1760032580.689784 sending message 112 to peer 0x138048000 (13 bytes)
1760032580.689786 sending message 112 to peer 0x138048000 (13 bytes)
1760032580.689788 sending message 112 to peer 0x138048000 (13 bytes)
1760032580.689791 sending message 112 to peer 0x138048000 (11 bytes)
1760032580.689793 sending message 112 to peer 0x138048000 (12 bytes)
1760032580.689795 sending message 112 to peer 0x138048000 (12 bytes)
1760032580.689798 sending message 112 to peer 0x138048000 (12 bytes)
1760032580.689800 sending message 112 to peer 0x138048000 (12 bytes)
1760032580.689802 sending message 112 to peer 0x138048000 (12 bytes)
1760032580.689804 sending message 112 to peer 0x138048000 (21 bytes)
1760032580.689807 sending message 112 to peer 0x138048000 (12 bytes)
1760032580.689809 sending message 112 to peer 0x138048000 (9 bytes)
1760032580.689811 sending message 112 to peer 0x138048000 (6 bytes)
1760032580.689814 sending message 112 to peer 0x138048000 (13 bytes)
1760032580.689816 sending message 112 to peer 0x138048000 (10 bytes)
1760032580.689819 sending message 112 to peer 0x138048000 (24 bytes)
1760032580.689821 sending message 112 to peer 0x138048000 (13 bytes)
1760032580.689823 sending message 112 to peer 0x138048000 (9 bytes)
1760032580.689826 sending message 112 to peer 0x138048000 (70 bytes)
1760032580.689846 sending message 112 to peer 0x138048000 (69 bytes)
1760032580.689853 sending message 112 to peer 0x138048000 (12 bytes)
1760032580.689856 sending message 112 to peer 0x138048000 (10 bytes)
1760032580.689859 sending message 112 to peer 0x138048000 (10 bytes)
1760032580.689861 sending message 112 to peer 0x138048000 (24 bytes)
1760032580.689864 sending message 112 to peer 0x138048000 (13 bytes)
1760032580.689866 sending message 112 to peer 0x138048000 (10 bytes)
1760032580.689868 sending message 112 to peer 0x138048000 (10 bytes)
1760032580.689871 sending message 112 to peer 0x138048000 (10 bytes)
1760032580.689873 sending message 112 to peer 0x138048000 (13 bytes)
1760032580.689875 sending message 112 to peer 0x138048000 (15 bytes)
1760032580.689878 sending message 112 to peer 0x138048000 (5 bytes)
1760032580.689881 sending message 104 to peer 0x138048000 (0 bytes)
1760032580.689884 sending message 110 to peer 0x138048000 (0 bytes)
1760032580.689887 sending message 107 to peer 0x138048000 (4 bytes)
1760032580.689889 sending message 105 to peer 0x138048000 (20 bytes)
1760032580.689892 sending message 105 to peer 0x138048000 (22 bytes)
1760032580.689894 sending message 105 to peer 0x138048000 (75 bytes)
1760032580.689896 sending message 105 to peer 0x138048000 (25 bytes)
1760032580.689899 sending message 105 to peer 0x138048000 (17 bytes)
1760032580.689901 sending message 105 to peer 0x138048000 (21 bytes)
1760032580.689903 sending message 105 to peer 0x138048000 (54 bytes)
1760032580.689906 sending message 105 to peer 0x138048000 (45 bytes)
1760032580.689908 sending message 105 to peer 0x138048000 (777 bytes)
1760032580.689911 sending message 105 to peer 0x138048000 (38 bytes)
1760032580.689914 sending message 105 to peer 0x138048000 (50 bytes)
1760032580.689916 sending message 105 to peer 0x138048000 (21 bytes)
1760032580.689918 sending message 105 to peer 0x138048000 (14 bytes)
1760032580.689921 sending message 105 to peer 0x138048000 (24 bytes)
1760032580.689923 sending message 105 to peer 0x138048000 (15 bytes)
1760032580.689926 sending message 105 to peer 0x138048000 (8 bytes)
1760032580.689928 sending message 105 to peer 0x138048000 (66 bytes)
1760032580.689930 sending message 105 to peer 0x138048000 (20 bytes)
1760032580.689933 sending message 105 to peer 0x138048000 (21 bytes)
1760032580.689935 sending message 105 to peer 0x138048000 (46 bytes)
1760032580.689937 sending message 105 to peer 0x138048000 (57 bytes)
1760032580.689946 sending message 105 to peer 0x138048000 (18 bytes)
1760032580.689949 sending message 105 to peer 0x138048000 (39 bytes)
1760032580.689951 sending message 105 to peer 0x138048000 (53 bytes)
1760032580.689954 sending message 105 to peer 0x138048000 (72 bytes)
1760032580.689956 sending message 105 to peer 0x138048000 (64 bytes)
1760032580.689958 sending message 105 to peer 0x138048000 (15 bytes)
1760032580.689961 sending message 105 to peer 0x138048000 (76 bytes)
1760032580.689963 sending message 105 to peer 0x138048000 (14 bytes)
1760032580.689966 sending message 105 to peer 0x138048000 (19 bytes)
1760032580.689968 sending message 105 to peer 0x138048000 (44 bytes)
1760032580.689970 sending message 105 to peer 0x138048000 (38 bytes)
1760032580.689973 sending message 105 to peer 0x138048000 (17 bytes)
1760032580.689975 sending message 105 to peer 0x138048000 (16 bytes)
1760032580.689978 sending message 105 to peer 0x138048000 (30 bytes)
1760032580.689980 sending message 105 to peer 0x138048000 (37 bytes)
1760032580.689982 sending message 105 to peer 0x138048000 (34 bytes)
1760032580.689985 sending message 105 to peer 0x138048000 (35 bytes)
1760032580.689989 sending message 105 to peer 0x138048000 (47 bytes)
1760032580.689992 sending message 105 to peer 0x138048000 (33 bytes)
1760032580.689994 sending message 105 to peer 0x138048000 (16 bytes)
1760032580.689997 sending message 105 to peer 0x138048000 (60 bytes)
1760032580.689999 sending message 105 to peer 0x138048000 (69 bytes)
1760032580.690001 sending message 105 to peer 0x138048000 (16 bytes)
1760032580.690004 sending message 105 to peer 0x138048000 (33 bytes)
1760032580.690006 sending message 105 to peer 0x138048000 (30 bytes)
1760032580.690008 sending message 105 to peer 0x138048000 (35 bytes)
1760032580.690011 sending message 105 to peer 0x138048000 (20 bytes)
1760032580.690013 sending message 105 to peer 0x138048000 (32 bytes)
1760032580.690016 sending message 105 to peer 0x138048000 (38 bytes)
1760032580.690018 sending message 105 to peer 0x138048000 (11 bytes)
1760032580.690020 sending message 105 to peer 0x138048000 (8 bytes)
1760032580.690023 sending message 105 to peer 0x138048000 (32 bytes)
1760032580.690025 sending message 105 to peer 0x138048000 (30 bytes)
1760032580.690028 sending message 105 to peer 0x138048000 (46 bytes)
1760032580.690030 sending message 105 to peer 0x138048000 (14 bytes)
1760032580.690032 sending message 105 to peer 0x138048000 (22 bytes)
1760032580.690035 sending message 105 to peer 0x138048000 (15 bytes)
1760032580.690037 sending message 105 to peer 0x138048000 (18 bytes)
1760032580.690040 sending message 105 to peer 0x138048000 (15 bytes)
1760032580.690042 sending message 105 to peer 0x138048000 (16 bytes)
1760032580.690044 sending message 105 to peer 0x138048000 (17 bytes)
1760032580.690047 sending message 105 to peer 0x138048000 (22 bytes)
1760032580.690049 sending message 105 to peer 0x138048000 (25 bytes)
1760032580.690051 sending message 105 to peer 0x138048000 (27 bytes)
1760032580.690054 sending message 105 to peer 0x138048000 (27 bytes)
1760032580.690056 sending message 105 to peer 0x138048000 (24 bytes)
1760032580.690058 sending message 105 to peer 0x138048000 (25 bytes)
1760032580.690061 sending message 105 to peer 0x138048000 (25 bytes)
1760032580.690063 sending message 105 to peer 0x138048000 (20 bytes)
1760032580.690065 sending message 105 to peer 0x138048000 (22 bytes)
1760032580.690068 sending message 105 to peer 0x138048000 (22 bytes)
1760032580.690070 sending message 105 to peer 0x138048000 (23 bytes)
1760032580.690073 sending message 105 to peer 0x138048000 (18 bytes)
1760032580.690075 sending message 105 to peer 0x138048000 (17 bytes)
1760032580.690077 sending message 105 to peer 0x138048000 (18 bytes)
1760032580.690080 sending message 105 to peer 0x138048000 (18 bytes)
1760032580.690082 sending message 105 to peer 0x138048000 (17 bytes)
1760032580.690084 sending message 105 to peer 0x138048000 (25 bytes)
1760032580.690087 sending message 106 to peer 0x138048000 (0 bytes)
1760032580.690136 sending message 200 to peer 0x138048000 (4 bytes)
1760032580.690144 client loop enter
1760032580.692234 peer 0x138048000 message 207
1760032580.692256 sending message 208 to peer 0x138048000 (0 bytes)
1760032583.959577 peer 0x138048000 message 201
1760032583.959617 sending message 205 to peer 0x138048000 (0 bytes)
1760032583.960214 peer 0x138048000 message 204
1760032583.960242 client loop exit
